<?xml version="1.0" encoding="UTF-8"?>
<testsuite xmlns:xsi="http://www.w3.org/2001/XMLSchema-instance" xsi:noNamespaceSchemaLocation="https://maven.apache.org/surefire/maven-surefire-plugin/xsd/surefire-test-report-3.0.xsd" version="3.0" name="TestSuite" time="55.669" tests="5" errors="0" skipped="0" failures="0">
  <properties>
    <property name="gopherProxySet" value="false"/>
    <property name="awt.toolkit" value="sun.lwawt.macosx.LWCToolkit"/>
    <property name="file.encoding.pkg" value="sun.io"/>
    <property name="java.specification.version" value="1.8"/>
    <property name="webdriver.chrome.driver" value="/Users/sibusiso87rn/.cache/selenium/chromedriver/mac64/92.0.4515.43/chromedriver"/>
    <property name="sun.cpu.isalist" value=""/>
    <property name="sun.jnu.encoding" value="UTF-8"/>
    <property name="java.class.path" value="/Users/sibusiso87rn/IdeaProjects/automation-framework/web-framework/target/test-classes:/Users/sibusiso87rn/IdeaProjects/automation-framework/web-framework/target/classes:/Users/sibusiso87rn/IdeaProjects/automation-framework/core/target/automation-framework-1.0-SNAPSHOT.jar:/Users/sibusiso87rn/.m2/repository/org/testng/testng/6.9.9/testng-6.9.9.jar:/Users/sibusiso87rn/.m2/repository/junit/junit/4.10/junit-4.10.jar:/Users/sibusiso87rn/.m2/repository/com/beust/jcommander/1.48/jcommander-1.48.jar:/Users/sibusiso87rn/.m2/repository/org/apache/ant/ant/1.7.0/ant-1.7.0.jar:/Users/sibusiso87rn/.m2/repository/org/apache/ant/ant-launcher/1.7.0/ant-launcher-1.7.0.jar:/Users/sibusiso87rn/.m2/repository/org/yaml/snakeyaml/1.15/snakeyaml-1.15.jar:/Users/sibusiso87rn/.m2/repository/org/beanshell/bsh/2.0b4/bsh-2.0b4.jar:/Users/sibusiso87rn/.m2/repository/io/cucumber/cucumber-java/6.10.4/cucumber-java-6.10.4.jar:/Users/sibusiso87rn/.m2/repository/org/apiguardian/apiguardian-api/1.1.1/apiguardian-api-1.1.1.jar:/Users/sibusiso87rn/.m2/repository/io/cucumber/cucumber-core/6.10.4/cucumber-core-6.10.4.jar:/Users/sibusiso87rn/.m2/repository/io/cucumber/cucumber-gherkin/6.10.4/cucumber-gherkin-6.10.4.jar:/Users/sibusiso87rn/.m2/repository/io/cucumber/cucumber-gherkin-messages/6.10.4/cucumber-gherkin-messages-6.10.4.jar:/Users/sibusiso87rn/.m2/repository/io/cucumber/messages/15.0.0/messages-15.0.0.jar:/Users/sibusiso87rn/.m2/repository/io/cucumber/tag-expressions/3.0.1/tag-expressions-3.0.1.jar:/Users/sibusiso87rn/.m2/repository/io/cucumber/cucumber-expressions/10.3.0/cucumber-expressions-10.3.0.jar:/Users/sibusiso87rn/.m2/repository/io/cucumber/datatable/3.5.0/datatable-3.5.0.jar:/Users/sibusiso87rn/.m2/repository/io/cucumber/cucumber-plugin/6.10.4/cucumber-plugin-6.10.4.jar:/Users/sibusiso87rn/.m2/repository/io/cucumber/docstring/6.10.4/docstring-6.10.4.jar:/Users/sibusiso87rn/.m2/repository/io/cucumber/html-formatter/13.0.0/html-formatter-13.0.0.jar:/Users/sibusiso87rn/.m2/repository/io/cucumber/create-meta/4.0.0/create-meta-4.0.0.jar:/Users/sibusiso87rn/.m2/repository/io/cucumber/cucumber-testng/6.10.4/cucumber-testng-6.10.4.jar:/Users/sibusiso87rn/.m2/repository/io/rest-assured/rest-assured/3.3.0/rest-assured-3.3.0.jar:/Users/sibusiso87rn/.m2/repository/org/codehaus/groovy/groovy/2.4.15/groovy-2.4.15.jar:/Users/sibusiso87rn/.m2/repository/org/codehaus/groovy/groovy-xml/2.4.15/groovy-xml-2.4.15.jar:/Users/sibusiso87rn/.m2/repository/org/apache/httpcomponents/httpclient/4.5.3/httpclient-4.5.3.jar:/Users/sibusiso87rn/.m2/repository/org/apache/httpcomponents/httpcore/4.4.6/httpcore-4.4.6.jar:/Users/sibusiso87rn/.m2/repository/commons-logging/commons-logging/1.2/commons-logging-1.2.jar:/Users/sibusiso87rn/.m2/repository/commons-codec/commons-codec/1.9/commons-codec-1.9.jar:/Users/sibusiso87rn/.m2/repository/org/apache/httpcomponents/httpmime/4.5.3/httpmime-4.5.3.jar:/Users/sibusiso87rn/.m2/repository/org/hamcrest/hamcrest-library/1.3/hamcrest-library-1.3.jar:/Users/sibusiso87rn/.m2/repository/org/ccil/cowan/tagsoup/tagsoup/1.2.1/tagsoup-1.2.1.jar:/Users/sibusiso87rn/.m2/repository/io/rest-assured/json-path/3.3.0/json-path-3.3.0.jar:/Users/sibusiso87rn/.m2/repository/org/codehaus/groovy/groovy-json/2.4.15/groovy-json-2.4.15.jar:/Users/sibusiso87rn/.m2/repository/io/rest-assured/rest-assured-common/3.3.0/rest-assured-common-3.3.0.jar:/Users/sibusiso87rn/.m2/repository/io/rest-assured/xml-path/3.3.0/xml-path-3.3.0.jar:/Users/sibusiso87rn/.m2/repository/javax/xml/bind/jaxb-api/2.2.12/jaxb-api-2.2.12.jar:/Users/sibusiso87rn/.m2/repository/com/sun/xml/bind/jaxb-osgi/2.2.10/jaxb-osgi-2.2.10.jar:/Users/sibusiso87rn/.m2/repository/org/apache/sling/org.apache.sling.javax.activation/0.1.0/org.apache.sling.javax.activation-0.1.0.jar:/Users/sibusiso87rn/.m2/repository/javax/activation/activation/1.1.1/activation-1.1.1.jar:/Users/sibusiso87rn/.m2/repository/io/rest-assured/json-schema-validator/4.2.0/json-schema-validator-4.2.0.jar:/Users/sibusiso87rn/.m2/repository/com/github/java-json-tools/json-schema-validator/2.2.10/json-schema-validator-2.2.10.jar:/Users/sibusiso87rn/.m2/repository/com/github/java-json-tools/json-schema-core/1.2.10/json-schema-core-1.2.10.jar:/Users/sibusiso87rn/.m2/repository/com/github/java-json-tools/jackson-coreutils/1.9/jackson-coreutils-1.9.jar:/Users/sibusiso87rn/.m2/repository/com/github/fge/msg-simple/1.1/msg-simple-1.1.jar:/Users/sibusiso87rn/.m2/repository/com/github/fge/btf/1.2/btf-1.2.jar:/Users/sibusiso87rn/.m2/repository/com/github/fge/uri-template/0.9/uri-template-0.9.jar:/Users/sibusiso87rn/.m2/repository/org/mozilla/rhino/1.7.7.1/rhino-1.7.7.1.jar:/Users/sibusiso87rn/.m2/repository/javax/mail/mailapi/1.4.3/mailapi-1.4.3.jar:/Users/sibusiso87rn/.m2/repository/com/googlecode/libphonenumber/libphonenumber/8.0.0/libphonenumber-8.0.0.jar:/Users/sibusiso87rn/.m2/repository/com/google/code/findbugs/jsr305/3.0.1/jsr305-3.0.1.jar:/Users/sibusiso87rn/.m2/repository/net/sf/jopt-simple/jopt-simple/5.0.3/jopt-simple-5.0.3.jar:/Users/sibusiso87rn/.m2/repository/org/hamcrest/hamcrest/2.1/hamcrest-2.1.jar:/Users/sibusiso87rn/.m2/repository/org/hamcrest/java-hamcrest/2.0.0.0/java-hamcrest-2.0.0.0.jar:/Users/sibusiso87rn/.m2/repository/org/hamcrest/hamcrest-core/2.1/hamcrest-core-2.1.jar:/Users/sibusiso87rn/.m2/repository/ch/qos/logback/logback-core/1.2.3/logback-core-1.2.3.jar:/Users/sibusiso87rn/.m2/repository/ch/qos/logback/logback-classic/1.2.3/logback-classic-1.2.3.jar:/Users/sibusiso87rn/.m2/repository/org/slf4j/slf4j-api/1.7.30/slf4j-api-1.7.30.jar:/Users/sibusiso87rn/.m2/repository/net/masterthought/cucumber-reporting/4.6.0/cucumber-reporting-4.6.0.jar:/Users/sibusiso87rn/.m2/repository/org/apache/velocity/velocity/1.7/velocity-1.7.jar:/Users/sibusiso87rn/.m2/repository/commons-collections/commons-collections/3.2.1/commons-collections-3.2.1.jar:/Users/sibusiso87rn/.m2/repository/commons-lang/commons-lang/2.4/commons-lang-2.4.jar:/Users/sibusiso87rn/.m2/repository/velocity-tools/velocity-tools/1.4/velocity-tools-1.4.jar:/Users/sibusiso87rn/.m2/repository/joda-time/joda-time/2.10.1/joda-time-2.10.1.jar:/Users/sibusiso87rn/.m2/repository/org/apache/commons/commons-lang3/3.8.1/commons-lang3-3.8.1.jar:/Users/sibusiso87rn/.m2/repository/commons-io/commons-io/2.6/commons-io-2.6.jar:/Users/sibusiso87rn/.m2/repository/org/codehaus/plexus/plexus-utils/3.1.1/plexus-utils-3.1.1.jar:/Users/sibusiso87rn/.m2/repository/org/jsoup/jsoup/1.11.3/jsoup-1.11.3.jar:/Users/sibusiso87rn/.m2/repository/com/googlecode/owasp-java-html-sanitizer/owasp-java-html-sanitizer/20190325.1/owasp-java-html-sanitizer-20190325.1.jar:/Users/sibusiso87rn/.m2/repository/commons-configuration/commons-configuration/1.10/commons-configuration-1.10.jar:/Users/sibusiso87rn/.m2/repository/com/aventstack/extentreports-cucumber4-adapter/1.0.10/extentreports-cucumber4-adapter-1.0.10.jar:/Users/sibusiso87rn/.m2/repository/org/mongodb/mongodb-driver/3.3.0/mongodb-driver-3.3.0.jar:/Users/sibusiso87rn/.m2/repository/org/mongodb/mongodb-driver-core/3.3.0/mongodb-driver-core-3.3.0.jar:/Users/sibusiso87rn/.m2/repository/com/aventstack/extentreports/4.1.3/extentreports-4.1.3.jar:/Users/sibusiso87rn/.m2/repository/org/freemarker/freemarker/2.3.29/freemarker-2.3.29.jar:/Users/sibusiso87rn/.m2/repository/com/google/code/gson/gson/2.8.6/gson-2.8.6.jar:/Users/sibusiso87rn/.m2/repository/org/mongodb/bson/3.12.0/bson-3.12.0.jar:/Users/sibusiso87rn/.m2/repository/com/aventstack/klov-reporter/5.0.0/klov-reporter-5.0.0.jar:/Users/sibusiso87rn/.m2/repository/com/fasterxml/jackson/dataformat/jackson-dataformat-yaml/2.3.0/jackson-dataformat-yaml-2.3.0.jar:/Users/sibusiso87rn/.m2/repository/com/fasterxml/jackson/core/jackson-core/2.3.0/jackson-core-2.3.0.jar:/Users/sibusiso87rn/.m2/repository/com/fasterxml/jackson/core/jackson-databind/2.2.3/jackson-databind-2.2.3.jar:/Users/sibusiso87rn/.m2/repository/com/fasterxml/jackson/core/jackson-annotations/2.2.3/jackson-annotations-2.2.3.jar:/Users/sibusiso87rn/.m2/repository/org/apache/velocity/velocity-engine-core/2.3/velocity-engine-core-2.3.jar:/Users/sibusiso87rn/.m2/repository/org/apache/velocity/tools/velocity-tools-generic/3.1/velocity-tools-generic-3.1.jar:/Users/sibusiso87rn/.m2/repository/commons-beanutils/commons-beanutils/1.9.4/commons-beanutils-1.9.4.jar:/Users/sibusiso87rn/.m2/repository/org/apache/commons/commons-digester3/3.2/commons-digester3-3.2.jar:/Users/sibusiso87rn/.m2/repository/com/github/cliftonlabs/json-simple/3.0.2/json-simple-3.0.2.jar:/Users/sibusiso87rn/.m2/repository/org/seleniumhq/selenium/selenium-java/3.141.59/selenium-java-3.141.59.jar:/Users/sibusiso87rn/.m2/repository/org/seleniumhq/selenium/selenium-api/3.141.59/selenium-api-3.141.59.jar:/Users/sibusiso87rn/.m2/repository/org/seleniumhq/selenium/selenium-chrome-driver/3.141.59/selenium-chrome-driver-3.141.59.jar:/Users/sibusiso87rn/.m2/repository/org/seleniumhq/selenium/selenium-edge-driver/3.141.59/selenium-edge-driver-3.141.59.jar:/Users/sibusiso87rn/.m2/repository/org/seleniumhq/selenium/selenium-firefox-driver/3.141.59/selenium-firefox-driver-3.141.59.jar:/Users/sibusiso87rn/.m2/repository/org/seleniumhq/selenium/selenium-ie-driver/3.141.59/selenium-ie-driver-3.141.59.jar:/Users/sibusiso87rn/.m2/repository/org/seleniumhq/selenium/selenium-opera-driver/3.141.59/selenium-opera-driver-3.141.59.jar:/Users/sibusiso87rn/.m2/repository/org/seleniumhq/selenium/selenium-remote-driver/3.141.59/selenium-remote-driver-3.141.59.jar:/Users/sibusiso87rn/.m2/repository/org/seleniumhq/selenium/selenium-safari-driver/3.141.59/selenium-safari-driver-3.141.59.jar:/Users/sibusiso87rn/.m2/repository/org/seleniumhq/selenium/selenium-support/3.141.59/selenium-support-3.141.59.jar:/Users/sibusiso87rn/.m2/repository/net/bytebuddy/byte-buddy/1.8.15/byte-buddy-1.8.15.jar:/Users/sibusiso87rn/.m2/repository/org/apache/commons/commons-exec/1.3/commons-exec-1.3.jar:/Users/sibusiso87rn/.m2/repository/com/google/guava/guava/25.0-jre/guava-25.0-jre.jar:/Users/sibusiso87rn/.m2/repository/org/checkerframework/checker-compat-qual/2.0.0/checker-compat-qual-2.0.0.jar:/Users/sibusiso87rn/.m2/repository/com/google/errorprone/error_prone_annotations/2.1.3/error_prone_annotations-2.1.3.jar:/Users/sibusiso87rn/.m2/repository/com/google/j2objc/j2objc-annotations/1.1/j2objc-annotations-1.1.jar:/Users/sibusiso87rn/.m2/repository/org/codehaus/mojo/animal-sniffer-annotations/1.14/animal-sniffer-annotations-1.14.jar:/Users/sibusiso87rn/.m2/repository/com/squareup/okhttp3/okhttp/3.11.0/okhttp-3.11.0.jar:/Users/sibusiso87rn/.m2/repository/com/squareup/okio/okio/1.14.0/okio-1.14.0.jar:/Users/sibusiso87rn/.m2/repository/io/github/bonigarcia/webdrivermanager/4.4.3/webdrivermanager-4.4.3.jar:/Users/sibusiso87rn/.m2/repository/org/apache/httpcomponents/client5/httpclient5/5.0.3/httpclient5-5.0.3.jar:/Users/sibusiso87rn/.m2/repository/org/apache/httpcomponents/core5/httpcore5/5.0.2/httpcore5-5.0.2.jar:/Users/sibusiso87rn/.m2/repository/org/apache/httpcomponents/core5/httpcore5-h2/5.0.2/httpcore5-h2-5.0.2.jar:/Users/sibusiso87rn/.m2/repository/org/rauschig/jarchivelib/1.1.0/jarchivelib-1.1.0.jar:/Users/sibusiso87rn/.m2/repository/org/apache/commons/commons-compress/1.20/commons-compress-1.20.jar:/Users/sibusiso87rn/.m2/repository/com/googlecode/json-simple/json-simple/1.1.1/json-simple-1.1.1.jar:"/>
    <property name="java.vm.vendor" value="Oracle Corporation"/>
    <property name="sun.arch.data.model" value="64"/>
    <property name="java.vendor.url" value="http://java.oracle.com/"/>
    <property name="user.timezone" value="Asia/Kuwait"/>
    <property name="java.vm.specification.version" value="1.8"/>
    <property name="os.name" value="Mac OS X"/>
    <property name="user.country" value="ZA"/>
    <property name="sun.java.launcher" value="SUN_STANDARD"/>
    <property name="sun.boot.library.path" value="/Library/Java/JavaVirtualMachines/jdk1.8.0_191.jdk/Contents/Home/jre/lib"/>
    <property name="sun.java.command" value="/Users/sibusiso87rn/IdeaProjects/automation-framework/web-framework/target/surefire/surefirebooter6658996583929408025.jar /Users/sibusiso87rn/IdeaProjects/automation-framework/web-framework/target/surefire 2021-07-22T10-49-42_094-jvmRun1 surefire4624777354075987127tmp surefire_05846553416643177210tmp"/>
    <property name="http.nonProxyHosts" value="local|*.local|169.254/16|*.169.254/16"/>
    <property name="surefire.test.class.path" value="/Users/sibusiso87rn/IdeaProjects/automation-framework/web-framework/target/test-classes:/Users/sibusiso87rn/IdeaProjects/automation-framework/web-framework/target/classes:/Users/sibusiso87rn/IdeaProjects/automation-framework/core/target/automation-framework-1.0-SNAPSHOT.jar:/Users/sibusiso87rn/.m2/repository/org/testng/testng/6.9.9/testng-6.9.9.jar:/Users/sibusiso87rn/.m2/repository/junit/junit/4.10/junit-4.10.jar:/Users/sibusiso87rn/.m2/repository/com/beust/jcommander/1.48/jcommander-1.48.jar:/Users/sibusiso87rn/.m2/repository/org/apache/ant/ant/1.7.0/ant-1.7.0.jar:/Users/sibusiso87rn/.m2/repository/org/apache/ant/ant-launcher/1.7.0/ant-launcher-1.7.0.jar:/Users/sibusiso87rn/.m2/repository/org/yaml/snakeyaml/1.15/snakeyaml-1.15.jar:/Users/sibusiso87rn/.m2/repository/org/beanshell/bsh/2.0b4/bsh-2.0b4.jar:/Users/sibusiso87rn/.m2/repository/io/cucumber/cucumber-java/6.10.4/cucumber-java-6.10.4.jar:/Users/sibusiso87rn/.m2/repository/org/apiguardian/apiguardian-api/1.1.1/apiguardian-api-1.1.1.jar:/Users/sibusiso87rn/.m2/repository/io/cucumber/cucumber-core/6.10.4/cucumber-core-6.10.4.jar:/Users/sibusiso87rn/.m2/repository/io/cucumber/cucumber-gherkin/6.10.4/cucumber-gherkin-6.10.4.jar:/Users/sibusiso87rn/.m2/repository/io/cucumber/cucumber-gherkin-messages/6.10.4/cucumber-gherkin-messages-6.10.4.jar:/Users/sibusiso87rn/.m2/repository/io/cucumber/messages/15.0.0/messages-15.0.0.jar:/Users/sibusiso87rn/.m2/repository/io/cucumber/tag-expressions/3.0.1/tag-expressions-3.0.1.jar:/Users/sibusiso87rn/.m2/repository/io/cucumber/cucumber-expressions/10.3.0/cucumber-expressions-10.3.0.jar:/Users/sibusiso87rn/.m2/repository/io/cucumber/datatable/3.5.0/datatable-3.5.0.jar:/Users/sibusiso87rn/.m2/repository/io/cucumber/cucumber-plugin/6.10.4/cucumber-plugin-6.10.4.jar:/Users/sibusiso87rn/.m2/repository/io/cucumber/docstring/6.10.4/docstring-6.10.4.jar:/Users/sibusiso87rn/.m2/repository/io/cucumber/html-formatter/13.0.0/html-formatter-13.0.0.jar:/Users/sibusiso87rn/.m2/repository/io/cucumber/create-meta/4.0.0/create-meta-4.0.0.jar:/Users/sibusiso87rn/.m2/repository/io/cucumber/cucumber-testng/6.10.4/cucumber-testng-6.10.4.jar:/Users/sibusiso87rn/.m2/repository/io/rest-assured/rest-assured/3.3.0/rest-assured-3.3.0.jar:/Users/sibusiso87rn/.m2/repository/org/codehaus/groovy/groovy/2.4.15/groovy-2.4.15.jar:/Users/sibusiso87rn/.m2/repository/org/codehaus/groovy/groovy-xml/2.4.15/groovy-xml-2.4.15.jar:/Users/sibusiso87rn/.m2/repository/org/apache/httpcomponents/httpclient/4.5.3/httpclient-4.5.3.jar:/Users/sibusiso87rn/.m2/repository/org/apache/httpcomponents/httpcore/4.4.6/httpcore-4.4.6.jar:/Users/sibusiso87rn/.m2/repository/commons-logging/commons-logging/1.2/commons-logging-1.2.jar:/Users/sibusiso87rn/.m2/repository/commons-codec/commons-codec/1.9/commons-codec-1.9.jar:/Users/sibusiso87rn/.m2/repository/org/apache/httpcomponents/httpmime/4.5.3/httpmime-4.5.3.jar:/Users/sibusiso87rn/.m2/repository/org/hamcrest/hamcrest-library/1.3/hamcrest-library-1.3.jar:/Users/sibusiso87rn/.m2/repository/org/ccil/cowan/tagsoup/tagsoup/1.2.1/tagsoup-1.2.1.jar:/Users/sibusiso87rn/.m2/repository/io/rest-assured/json-path/3.3.0/json-path-3.3.0.jar:/Users/sibusiso87rn/.m2/repository/org/codehaus/groovy/groovy-json/2.4.15/groovy-json-2.4.15.jar:/Users/sibusiso87rn/.m2/repository/io/rest-assured/rest-assured-common/3.3.0/rest-assured-common-3.3.0.jar:/Users/sibusiso87rn/.m2/repository/io/rest-assured/xml-path/3.3.0/xml-path-3.3.0.jar:/Users/sibusiso87rn/.m2/repository/javax/xml/bind/jaxb-api/2.2.12/jaxb-api-2.2.12.jar:/Users/sibusiso87rn/.m2/repository/com/sun/xml/bind/jaxb-osgi/2.2.10/jaxb-osgi-2.2.10.jar:/Users/sibusiso87rn/.m2/repository/org/apache/sling/org.apache.sling.javax.activation/0.1.0/org.apache.sling.javax.activation-0.1.0.jar:/Users/sibusiso87rn/.m2/repository/javax/activation/activation/1.1.1/activation-1.1.1.jar:/Users/sibusiso87rn/.m2/repository/io/rest-assured/json-schema-validator/4.2.0/json-schema-validator-4.2.0.jar:/Users/sibusiso87rn/.m2/repository/com/github/java-json-tools/json-schema-validator/2.2.10/json-schema-validator-2.2.10.jar:/Users/sibusiso87rn/.m2/repository/com/github/java-json-tools/json-schema-core/1.2.10/json-schema-core-1.2.10.jar:/Users/sibusiso87rn/.m2/repository/com/github/java-json-tools/jackson-coreutils/1.9/jackson-coreutils-1.9.jar:/Users/sibusiso87rn/.m2/repository/com/github/fge/msg-simple/1.1/msg-simple-1.1.jar:/Users/sibusiso87rn/.m2/repository/com/github/fge/btf/1.2/btf-1.2.jar:/Users/sibusiso87rn/.m2/repository/com/github/fge/uri-template/0.9/uri-template-0.9.jar:/Users/sibusiso87rn/.m2/repository/org/mozilla/rhino/1.7.7.1/rhino-1.7.7.1.jar:/Users/sibusiso87rn/.m2/repository/javax/mail/mailapi/1.4.3/mailapi-1.4.3.jar:/Users/sibusiso87rn/.m2/repository/com/googlecode/libphonenumber/libphonenumber/8.0.0/libphonenumber-8.0.0.jar:/Users/sibusiso87rn/.m2/repository/com/google/code/findbugs/jsr305/3.0.1/jsr305-3.0.1.jar:/Users/sibusiso87rn/.m2/repository/net/sf/jopt-simple/jopt-simple/5.0.3/jopt-simple-5.0.3.jar:/Users/sibusiso87rn/.m2/repository/org/hamcrest/hamcrest/2.1/hamcrest-2.1.jar:/Users/sibusiso87rn/.m2/repository/org/hamcrest/java-hamcrest/2.0.0.0/java-hamcrest-2.0.0.0.jar:/Users/sibusiso87rn/.m2/repository/org/hamcrest/hamcrest-core/2.1/hamcrest-core-2.1.jar:/Users/sibusiso87rn/.m2/repository/ch/qos/logback/logback-core/1.2.3/logback-core-1.2.3.jar:/Users/sibusiso87rn/.m2/repository/ch/qos/logback/logback-classic/1.2.3/logback-classic-1.2.3.jar:/Users/sibusiso87rn/.m2/repository/org/slf4j/slf4j-api/1.7.30/slf4j-api-1.7.30.jar:/Users/sibusiso87rn/.m2/repository/net/masterthought/cucumber-reporting/4.6.0/cucumber-reporting-4.6.0.jar:/Users/sibusiso87rn/.m2/repository/org/apache/velocity/velocity/1.7/velocity-1.7.jar:/Users/sibusiso87rn/.m2/repository/commons-collections/commons-collections/3.2.1/commons-collections-3.2.1.jar:/Users/sibusiso87rn/.m2/repository/commons-lang/commons-lang/2.4/commons-lang-2.4.jar:/Users/sibusiso87rn/.m2/repository/velocity-tools/velocity-tools/1.4/velocity-tools-1.4.jar:/Users/sibusiso87rn/.m2/repository/joda-time/joda-time/2.10.1/joda-time-2.10.1.jar:/Users/sibusiso87rn/.m2/repository/org/apache/commons/commons-lang3/3.8.1/commons-lang3-3.8.1.jar:/Users/sibusiso87rn/.m2/repository/commons-io/commons-io/2.6/commons-io-2.6.jar:/Users/sibusiso87rn/.m2/repository/org/codehaus/plexus/plexus-utils/3.1.1/plexus-utils-3.1.1.jar:/Users/sibusiso87rn/.m2/repository/org/jsoup/jsoup/1.11.3/jsoup-1.11.3.jar:/Users/sibusiso87rn/.m2/repository/com/googlecode/owasp-java-html-sanitizer/owasp-java-html-sanitizer/20190325.1/owasp-java-html-sanitizer-20190325.1.jar:/Users/sibusiso87rn/.m2/repository/commons-configuration/commons-configuration/1.10/commons-configuration-1.10.jar:/Users/sibusiso87rn/.m2/repository/com/aventstack/extentreports-cucumber4-adapter/1.0.10/extentreports-cucumber4-adapter-1.0.10.jar:/Users/sibusiso87rn/.m2/repository/org/mongodb/mongodb-driver/3.3.0/mongodb-driver-3.3.0.jar:/Users/sibusiso87rn/.m2/repository/org/mongodb/mongodb-driver-core/3.3.0/mongodb-driver-core-3.3.0.jar:/Users/sibusiso87rn/.m2/repository/com/aventstack/extentreports/4.1.3/extentreports-4.1.3.jar:/Users/sibusiso87rn/.m2/repository/org/freemarker/freemarker/2.3.29/freemarker-2.3.29.jar:/Users/sibusiso87rn/.m2/repository/com/google/code/gson/gson/2.8.6/gson-2.8.6.jar:/Users/sibusiso87rn/.m2/repository/org/mongodb/bson/3.12.0/bson-3.12.0.jar:/Users/sibusiso87rn/.m2/repository/com/aventstack/klov-reporter/5.0.0/klov-reporter-5.0.0.jar:/Users/sibusiso87rn/.m2/repository/com/fasterxml/jackson/dataformat/jackson-dataformat-yaml/2.3.0/jackson-dataformat-yaml-2.3.0.jar:/Users/sibusiso87rn/.m2/repository/com/fasterxml/jackson/core/jackson-core/2.3.0/jackson-core-2.3.0.jar:/Users/sibusiso87rn/.m2/repository/com/fasterxml/jackson/core/jackson-databind/2.2.3/jackson-databind-2.2.3.jar:/Users/sibusiso87rn/.m2/repository/com/fasterxml/jackson/core/jackson-annotations/2.2.3/jackson-annotations-2.2.3.jar:/Users/sibusiso87rn/.m2/repository/org/apache/velocity/velocity-engine-core/2.3/velocity-engine-core-2.3.jar:/Users/sibusiso87rn/.m2/repository/org/apache/velocity/tools/velocity-tools-generic/3.1/velocity-tools-generic-3.1.jar:/Users/sibusiso87rn/.m2/repository/commons-beanutils/commons-beanutils/1.9.4/commons-beanutils-1.9.4.jar:/Users/sibusiso87rn/.m2/repository/org/apache/commons/commons-digester3/3.2/commons-digester3-3.2.jar:/Users/sibusiso87rn/.m2/repository/com/github/cliftonlabs/json-simple/3.0.2/json-simple-3.0.2.jar:/Users/sibusiso87rn/.m2/repository/org/seleniumhq/selenium/selenium-java/3.141.59/selenium-java-3.141.59.jar:/Users/sibusiso87rn/.m2/repository/org/seleniumhq/selenium/selenium-api/3.141.59/selenium-api-3.141.59.jar:/Users/sibusiso87rn/.m2/repository/org/seleniumhq/selenium/selenium-chrome-driver/3.141.59/selenium-chrome-driver-3.141.59.jar:/Users/sibusiso87rn/.m2/repository/org/seleniumhq/selenium/selenium-edge-driver/3.141.59/selenium-edge-driver-3.141.59.jar:/Users/sibusiso87rn/.m2/repository/org/seleniumhq/selenium/selenium-firefox-driver/3.141.59/selenium-firefox-driver-3.141.59.jar:/Users/sibusiso87rn/.m2/repository/org/seleniumhq/selenium/selenium-ie-driver/3.141.59/selenium-ie-driver-3.141.59.jar:/Users/sibusiso87rn/.m2/repository/org/seleniumhq/selenium/selenium-opera-driver/3.141.59/selenium-opera-driver-3.141.59.jar:/Users/sibusiso87rn/.m2/repository/org/seleniumhq/selenium/selenium-remote-driver/3.141.59/selenium-remote-driver-3.141.59.jar:/Users/sibusiso87rn/.m2/repository/org/seleniumhq/selenium/selenium-safari-driver/3.141.59/selenium-safari-driver-3.141.59.jar:/Users/sibusiso87rn/.m2/repository/org/seleniumhq/selenium/selenium-support/3.141.59/selenium-support-3.141.59.jar:/Users/sibusiso87rn/.m2/repository/net/bytebuddy/byte-buddy/1.8.15/byte-buddy-1.8.15.jar:/Users/sibusiso87rn/.m2/repository/org/apache/commons/commons-exec/1.3/commons-exec-1.3.jar:/Users/sibusiso87rn/.m2/repository/com/google/guava/guava/25.0-jre/guava-25.0-jre.jar:/Users/sibusiso87rn/.m2/repository/org/checkerframework/checker-compat-qual/2.0.0/checker-compat-qual-2.0.0.jar:/Users/sibusiso87rn/.m2/repository/com/google/errorprone/error_prone_annotations/2.1.3/error_prone_annotations-2.1.3.jar:/Users/sibusiso87rn/.m2/repository/com/google/j2objc/j2objc-annotations/1.1/j2objc-annotations-1.1.jar:/Users/sibusiso87rn/.m2/repository/org/codehaus/mojo/animal-sniffer-annotations/1.14/animal-sniffer-annotations-1.14.jar:/Users/sibusiso87rn/.m2/repository/com/squareup/okhttp3/okhttp/3.11.0/okhttp-3.11.0.jar:/Users/sibusiso87rn/.m2/repository/com/squareup/okio/okio/1.14.0/okio-1.14.0.jar:/Users/sibusiso87rn/.m2/repository/io/github/bonigarcia/webdrivermanager/4.4.3/webdrivermanager-4.4.3.jar:/Users/sibusiso87rn/.m2/repository/org/apache/httpcomponents/client5/httpclient5/5.0.3/httpclient5-5.0.3.jar:/Users/sibusiso87rn/.m2/repository/org/apache/httpcomponents/core5/httpcore5/5.0.2/httpcore5-5.0.2.jar:/Users/sibusiso87rn/.m2/repository/org/apache/httpcomponents/core5/httpcore5-h2/5.0.2/httpcore5-h2-5.0.2.jar:/Users/sibusiso87rn/.m2/repository/org/rauschig/jarchivelib/1.1.0/jarchivelib-1.1.0.jar:/Users/sibusiso87rn/.m2/repository/org/apache/commons/commons-compress/1.20/commons-compress-1.20.jar:/Users/sibusiso87rn/.m2/repository/com/googlecode/json-simple/json-simple/1.1.1/json-simple-1.1.1.jar:"/>
    <property name="sun.cpu.endian" value="little"/>
    <property name="user.home" value="/Users/sibusiso87rn"/>
    <property name="user.language" value="en"/>
    <property name="java.specification.vendor" value="Oracle Corporation"/>
    <property name="java.home" value="/Library/Java/JavaVirtualMachines/jdk1.8.0_191.jdk/Contents/Home/jre"/>
    <property name="basedir" value="/Users/sibusiso87rn/IdeaProjects/automation-framework/web-framework"/>
    <property name="file.separator" value="/"/>
    <property name="line.separator" value="&#10;"/>
    <property name="java.vm.specification.vendor" value="Oracle Corporation"/>
    <property name="java.specification.name" value="Java Platform API Specification"/>
    <property name="java.awt.graphicsenv" value="sun.awt.CGraphicsEnvironment"/>
    <property name="surefire.real.class.path" value="/Users/sibusiso87rn/IdeaProjects/automation-framework/web-framework/target/surefire/surefirebooter6658996583929408025.jar"/>
    <property name="sun.boot.class.path" value="/Library/Java/JavaVirtualMachines/jdk1.8.0_191.jdk/Contents/Home/jre/lib/resources.jar:/Library/Java/JavaVirtualMachines/jdk1.8.0_191.jdk/Contents/Home/jre/lib/rt.jar:/Library/Java/JavaVirtualMachines/jdk1.8.0_191.jdk/Contents/Home/jre/lib/sunrsasign.jar:/Library/Java/JavaVirtualMachines/jdk1.8.0_191.jdk/Contents/Home/jre/lib/jsse.jar:/Library/Java/JavaVirtualMachines/jdk1.8.0_191.jdk/Contents/Home/jre/lib/jce.jar:/Library/Java/JavaVirtualMachines/jdk1.8.0_191.jdk/Contents/Home/jre/lib/charsets.jar:/Library/Java/JavaVirtualMachines/jdk1.8.0_191.jdk/Contents/Home/jre/lib/jfr.jar:/Library/Java/JavaVirtualMachines/jdk1.8.0_191.jdk/Contents/Home/jre/classes"/>
    <property name="sun.management.compiler" value="HotSpot 64-Bit Tiered Compilers"/>
    <property name="ftp.nonProxyHosts" value="local|*.local|169.254/16|*.169.254/16"/>
    <property name="java.runtime.version" value="1.8.0_191-b12"/>
    <property name="user.name" value="sibusiso87rn"/>
    <property name="path.separator" value=":"/>
    <property name="os.version" value="10.16"/>
    <property name="java.endorsed.dirs" value="/Library/Java/JavaVirtualMachines/jdk1.8.0_191.jdk/Contents/Home/jre/lib/endorsed"/>
    <property name="java.runtime.name" value="Java(TM) SE Runtime Environment"/>
    <property name="file.encoding" value="US-ASCII"/>
    <property name="java.vm.name" value="Java HotSpot(TM) 64-Bit Server VM"/>
    <property name="localRepository" value="/Users/sibusiso87rn/.m2/repository"/>
    <property name="java.vendor.url.bug" value="http://bugreport.sun.com/bugreport/"/>
    <property name="java.io.tmpdir" value="/var/folders/s7/m38y8x7s0fdc22jtc097c_4h0000gn/T/"/>
    <property name="java.version" value="1.8.0_191"/>
    <property name="user.dir" value="/Users/sibusiso87rn/IdeaProjects/automation-framework/web-framework"/>
    <property name="os.arch" value="x86_64"/>
    <property name="java.vm.specification.name" value="Java Virtual Machine Specification"/>
    <property name="java.awt.printerjob" value="sun.lwawt.macosx.CPrinterJob"/>
    <property name="sun.os.patch.level" value="unknown"/>
    <property name="java.library.path" value="/Users/sibusiso87rn/Library/Java/Extensions:/Library/Java/Extensions:/Network/Library/Java/Extensions:/System/Library/Java/Extensions:/usr/lib/java:."/>
    <property name="java.vm.info" value="mixed mode"/>
    <property name="java.vendor" value="Oracle Corporation"/>
    <property name="java.vm.version" value="25.191-b12"/>
    <property name="java.ext.dirs" value="/Users/sibusiso87rn/Library/Java/Extensions:/Library/Java/JavaVirtualMachines/jdk1.8.0_191.jdk/Contents/Home/jre/lib/ext:/Library/Java/Extensions:/Network/Library/Java/Extensions:/System/Library/Java/Extensions:/usr/lib/java"/>
    <property name="sun.io.unicode.encoding" value="UnicodeBig"/>
    <property name="java.class.version" value="52.0"/>
    <property name="socksNonProxyHosts" value="local|*.local|169.254/16|*.169.254/16"/>
  </properties>
  <testcase name="scenario" classname="inspiredtesting.web.tests.WebTestRunner" time="11.502"/>
  <testcase name="scenario" classname="inspiredtesting.web.tests.WebTestRunner" time="10.722"/>
  <testcase name="scenario" classname="inspiredtesting.web.tests.WebTestRunner" time="10.24"/>
  <testcase name="scenario" classname="inspiredtesting.web.tests.WebTestRunner" time="10.071"/>
  <testcase name="scenario" classname="inspiredtesting.web.tests.WebTestRunner" time="11.929"/>
</testsuite>