<?xml version="1.0" encoding="UTF-8"?>
<testsuite xmlns:xsi="http://www.w3.org/2001/XMLSchema-instance" xsi:noNamespaceSchemaLocation="https://maven.apache.org/surefire/maven-surefire-plugin/xsd/surefire-test-report-3.0.xsd" version="3.0" name="TestSuite" time="6.208" tests="3" errors="0" skipped="0" failures="1">
  <properties>
    <property name="gopherProxySet" value="false"/>
    <property name="awt.toolkit" value="sun.lwawt.macosx.LWCToolkit"/>
    <property name="file.encoding.pkg" value="sun.io"/>
    <property name="java.specification.version" value="1.8"/>
    <property name="sun.cpu.isalist" value=""/>
    <property name="sun.jnu.encoding" value="UTF-8"/>
    <property name="java.class.path" value="/Users/sibusiso87rn/IdeaProjects/automation-framework/services-framework/target/test-classes:/Users/sibusiso87rn/IdeaProjects/automation-framework/services-framework/target/classes:/Users/sibusiso87rn/IdeaProjects/automation-framework/core/target/automation-framework-1.0-SNAPSHOT.jar:/Users/sibusiso87rn/.m2/repository/org/testng/testng/6.9.9/testng-6.9.9.jar:/Users/sibusiso87rn/.m2/repository/junit/junit/4.10/junit-4.10.jar:/Users/sibusiso87rn/.m2/repository/com/beust/jcommander/1.48/jcommander-1.48.jar:/Users/sibusiso87rn/.m2/repository/org/apache/ant/ant/1.7.0/ant-1.7.0.jar:/Users/sibusiso87rn/.m2/repository/org/apache/ant/ant-launcher/1.7.0/ant-launcher-1.7.0.jar:/Users/sibusiso87rn/.m2/repository/org/yaml/snakeyaml/1.15/snakeyaml-1.15.jar:/Users/sibusiso87rn/.m2/repository/org/beanshell/bsh/2.0b4/bsh-2.0b4.jar:/Users/sibusiso87rn/.m2/repository/io/cucumber/cucumber-java/6.10.4/cucumber-java-6.10.4.jar:/Users/sibusiso87rn/.m2/repository/org/apiguardian/apiguardian-api/1.1.1/apiguardian-api-1.1.1.jar:/Users/sibusiso87rn/.m2/repository/io/cucumber/cucumber-core/6.10.4/cucumber-core-6.10.4.jar:/Users/sibusiso87rn/.m2/repository/io/cucumber/cucumber-gherkin/6.10.4/cucumber-gherkin-6.10.4.jar:/Users/sibusiso87rn/.m2/repository/io/cucumber/cucumber-gherkin-messages/6.10.4/cucumber-gherkin-messages-6.10.4.jar:/Users/sibusiso87rn/.m2/repository/io/cucumber/messages/15.0.0/messages-15.0.0.jar:/Users/sibusiso87rn/.m2/repository/io/cucumber/tag-expressions/3.0.1/tag-expressions-3.0.1.jar:/Users/sibusiso87rn/.m2/repository/io/cucumber/cucumber-expressions/10.3.0/cucumber-expressions-10.3.0.jar:/Users/sibusiso87rn/.m2/repository/io/cucumber/datatable/3.5.0/datatable-3.5.0.jar:/Users/sibusiso87rn/.m2/repository/io/cucumber/cucumber-plugin/6.10.4/cucumber-plugin-6.10.4.jar:/Users/sibusiso87rn/.m2/repository/io/cucumber/docstring/6.10.4/docstring-6.10.4.jar:/Users/sibusiso87rn/.m2/repository/io/cucumber/html-formatter/13.0.0/html-formatter-13.0.0.jar:/Users/sibusiso87rn/.m2/repository/io/cucumber/create-meta/4.0.0/create-meta-4.0.0.jar:/Users/sibusiso87rn/.m2/repository/io/cucumber/cucumber-testng/6.10.4/cucumber-testng-6.10.4.jar:/Users/sibusiso87rn/.m2/repository/io/rest-assured/rest-assured/3.3.0/rest-assured-3.3.0.jar:/Users/sibusiso87rn/.m2/repository/org/codehaus/groovy/groovy/2.4.15/groovy-2.4.15.jar:/Users/sibusiso87rn/.m2/repository/org/codehaus/groovy/groovy-xml/2.4.15/groovy-xml-2.4.15.jar:/Users/sibusiso87rn/.m2/repository/org/apache/httpcomponents/httpclient/4.5.3/httpclient-4.5.3.jar:/Users/sibusiso87rn/.m2/repository/org/apache/httpcomponents/httpcore/4.4.6/httpcore-4.4.6.jar:/Users/sibusiso87rn/.m2/repository/commons-logging/commons-logging/1.2/commons-logging-1.2.jar:/Users/sibusiso87rn/.m2/repository/commons-codec/commons-codec/1.9/commons-codec-1.9.jar:/Users/sibusiso87rn/.m2/repository/org/apache/httpcomponents/httpmime/4.5.3/httpmime-4.5.3.jar:/Users/sibusiso87rn/.m2/repository/org/hamcrest/hamcrest-core/1.3/hamcrest-core-1.3.jar:/Users/sibusiso87rn/.m2/repository/org/ccil/cowan/tagsoup/tagsoup/1.2.1/tagsoup-1.2.1.jar:/Users/sibusiso87rn/.m2/repository/io/rest-assured/json-path/3.3.0/json-path-3.3.0.jar:/Users/sibusiso87rn/.m2/repository/org/codehaus/groovy/groovy-json/2.4.15/groovy-json-2.4.15.jar:/Users/sibusiso87rn/.m2/repository/io/rest-assured/rest-assured-common/3.3.0/rest-assured-common-3.3.0.jar:/Users/sibusiso87rn/.m2/repository/io/rest-assured/xml-path/3.3.0/xml-path-3.3.0.jar:/Users/sibusiso87rn/.m2/repository/javax/xml/bind/jaxb-api/2.2.12/jaxb-api-2.2.12.jar:/Users/sibusiso87rn/.m2/repository/com/sun/xml/bind/jaxb-osgi/2.2.10/jaxb-osgi-2.2.10.jar:/Users/sibusiso87rn/.m2/repository/org/apache/sling/org.apache.sling.javax.activation/0.1.0/org.apache.sling.javax.activation-0.1.0.jar:/Users/sibusiso87rn/.m2/repository/javax/activation/activation/1.1.1/activation-1.1.1.jar:/Users/sibusiso87rn/.m2/repository/io/rest-assured/json-schema-validator/4.2.0/json-schema-validator-4.2.0.jar:/Users/sibusiso87rn/.m2/repository/com/github/java-json-tools/json-schema-validator/2.2.10/json-schema-validator-2.2.10.jar:/Users/sibusiso87rn/.m2/repository/com/github/java-json-tools/json-schema-core/1.2.10/json-schema-core-1.2.10.jar:/Users/sibusiso87rn/.m2/repository/com/github/java-json-tools/jackson-coreutils/1.9/jackson-coreutils-1.9.jar:/Users/sibusiso87rn/.m2/repository/com/github/fge/msg-simple/1.1/msg-simple-1.1.jar:/Users/sibusiso87rn/.m2/repository/com/github/fge/btf/1.2/btf-1.2.jar:/Users/sibusiso87rn/.m2/repository/com/github/fge/uri-template/0.9/uri-template-0.9.jar:/Users/sibusiso87rn/.m2/repository/org/mozilla/rhino/1.7.7.1/rhino-1.7.7.1.jar:/Users/sibusiso87rn/.m2/repository/javax/mail/mailapi/1.4.3/mailapi-1.4.3.jar:/Users/sibusiso87rn/.m2/repository/com/googlecode/libphonenumber/libphonenumber/8.0.0/libphonenumber-8.0.0.jar:/Users/sibusiso87rn/.m2/repository/com/google/code/findbugs/jsr305/3.0.1/jsr305-3.0.1.jar:/Users/sibusiso87rn/.m2/repository/net/sf/jopt-simple/jopt-simple/5.0.3/jopt-simple-5.0.3.jar:/Users/sibusiso87rn/.m2/repository/org/hamcrest/hamcrest/2.2/hamcrest-2.2.jar:/Users/sibusiso87rn/.m2/repository/org/hamcrest/hamcrest-library/2.2/hamcrest-library-2.2.jar:/Users/sibusiso87rn/.m2/repository/ch/qos/logback/logback-core/1.2.3/logback-core-1.2.3.jar:/Users/sibusiso87rn/.m2/repository/ch/qos/logback/logback-classic/1.2.3/logback-classic-1.2.3.jar:/Users/sibusiso87rn/.m2/repository/org/slf4j/slf4j-api/1.7.30/slf4j-api-1.7.30.jar:/Users/sibusiso87rn/.m2/repository/net/masterthought/cucumber-reporting/4.6.0/cucumber-reporting-4.6.0.jar:/Users/sibusiso87rn/.m2/repository/org/apache/velocity/velocity/1.7/velocity-1.7.jar:/Users/sibusiso87rn/.m2/repository/commons-collections/commons-collections/3.2.1/commons-collections-3.2.1.jar:/Users/sibusiso87rn/.m2/repository/commons-lang/commons-lang/2.4/commons-lang-2.4.jar:/Users/sibusiso87rn/.m2/repository/velocity-tools/velocity-tools/1.4/velocity-tools-1.4.jar:/Users/sibusiso87rn/.m2/repository/joda-time/joda-time/2.10.1/joda-time-2.10.1.jar:/Users/sibusiso87rn/.m2/repository/org/apache/commons/commons-lang3/3.8.1/commons-lang3-3.8.1.jar:/Users/sibusiso87rn/.m2/repository/commons-io/commons-io/2.6/commons-io-2.6.jar:/Users/sibusiso87rn/.m2/repository/org/codehaus/plexus/plexus-utils/3.1.1/plexus-utils-3.1.1.jar:/Users/sibusiso87rn/.m2/repository/org/jsoup/jsoup/1.11.3/jsoup-1.11.3.jar:/Users/sibusiso87rn/.m2/repository/com/googlecode/owasp-java-html-sanitizer/owasp-java-html-sanitizer/20190325.1/owasp-java-html-sanitizer-20190325.1.jar:/Users/sibusiso87rn/.m2/repository/com/google/guava/guava/27.1-jre/guava-27.1-jre.jar:/Users/sibusiso87rn/.m2/repository/com/google/guava/failureaccess/1.0.1/failureaccess-1.0.1.jar:/Users/sibusiso87rn/.m2/repository/com/google/guava/listenablefuture/9999.0-empty-to-avoid-conflict-with-guava/listenablefuture-9999.0-empty-to-avoid-conflict-with-guava.jar:/Users/sibusiso87rn/.m2/repository/org/checkerframework/checker-qual/2.5.2/checker-qual-2.5.2.jar:/Users/sibusiso87rn/.m2/repository/com/google/errorprone/error_prone_annotations/2.2.0/error_prone_annotations-2.2.0.jar:/Users/sibusiso87rn/.m2/repository/com/google/j2objc/j2objc-annotations/1.1/j2objc-annotations-1.1.jar:/Users/sibusiso87rn/.m2/repository/org/codehaus/mojo/animal-sniffer-annotations/1.17/animal-sniffer-annotations-1.17.jar:/Users/sibusiso87rn/.m2/repository/commons-configuration/commons-configuration/1.10/commons-configuration-1.10.jar:/Users/sibusiso87rn/.m2/repository/com/aventstack/extentreports-cucumber4-adapter/1.2.1/extentreports-cucumber4-adapter-1.2.1.jar:/Users/sibusiso87rn/.m2/repository/com/aventstack/extentreports/5.0.1/extentreports-5.0.1.jar:/Users/sibusiso87rn/.m2/repository/io/reactivex/rxjava3/rxjava/3.0.4/rxjava-3.0.4.jar:/Users/sibusiso87rn/.m2/repository/org/reactivestreams/reactive-streams/1.0.3/reactive-streams-1.0.3.jar:/Users/sibusiso87rn/.m2/repository/org/freemarker/freemarker/2.3.30/freemarker-2.3.30.jar:/Users/sibusiso87rn/.m2/repository/org/projectlombok/lombok/1.18.12/lombok-1.18.12.jar:/Users/sibusiso87rn/.m2/repository/com/google/code/gson/gson/2.8.6/gson-2.8.6.jar:/Users/sibusiso87rn/.m2/repository/com/aventstack/klov-reporter/5.0.1/klov-reporter-5.0.1.jar:/Users/sibusiso87rn/.m2/repository/org/mongodb/bson/3.3.0/bson-3.3.0.jar:/Users/sibusiso87rn/.m2/repository/org/mongodb/mongodb-driver/3.3.0/mongodb-driver-3.3.0.jar:/Users/sibusiso87rn/.m2/repository/org/mongodb/mongodb-driver-core/3.3.0/mongodb-driver-core-3.3.0.jar:/Users/sibusiso87rn/.m2/repository/com/fasterxml/jackson/dataformat/jackson-dataformat-yaml/2.3.0/jackson-dataformat-yaml-2.3.0.jar:/Users/sibusiso87rn/.m2/repository/com/fasterxml/jackson/core/jackson-core/2.3.0/jackson-core-2.3.0.jar:/Users/sibusiso87rn/.m2/repository/com/fasterxml/jackson/core/jackson-databind/2.2.3/jackson-databind-2.2.3.jar:/Users/sibusiso87rn/.m2/repository/com/fasterxml/jackson/core/jackson-annotations/2.2.3/jackson-annotations-2.2.3.jar:/Users/sibusiso87rn/.m2/repository/org/apache/velocity/velocity-engine-core/2.3/velocity-engine-core-2.3.jar:/Users/sibusiso87rn/.m2/repository/org/apache/velocity/tools/velocity-tools-generic/3.1/velocity-tools-generic-3.1.jar:/Users/sibusiso87rn/.m2/repository/commons-beanutils/commons-beanutils/1.9.4/commons-beanutils-1.9.4.jar:/Users/sibusiso87rn/.m2/repository/org/apache/commons/commons-digester3/3.2/commons-digester3-3.2.jar:/Users/sibusiso87rn/.m2/repository/com/github/cliftonlabs/json-simple/3.0.2/json-simple-3.0.2.jar:"/>
    <property name="java.vm.vendor" value="Oracle Corporation"/>
    <property name="sun.arch.data.model" value="64"/>
    <property name="java.vendor.url" value="http://java.oracle.com/"/>
    <property name="user.timezone" value="Asia/Kuwait"/>
    <property name="java.vm.specification.version" value="1.8"/>
    <property name="os.name" value="Mac OS X"/>
    <property name="user.country" value="ZA"/>
    <property name="sun.java.launcher" value="SUN_STANDARD"/>
    <property name="sun.boot.library.path" value="/Library/Java/JavaVirtualMachines/jdk1.8.0_191.jdk/Contents/Home/jre/lib"/>
    <property name="sun.java.command" value="/Users/sibusiso87rn/IdeaProjects/automation-framework/services-framework/target/surefire/surefirebooter5582208877343810867.jar /Users/sibusiso87rn/IdeaProjects/automation-framework/services-framework/target/surefire 2021-07-21T16-10-32_359-jvmRun1 surefire2906905734700511670tmp surefire_01898407367709687425tmp"/>
    <property name="http.nonProxyHosts" value="local|*.local|169.254/16|*.169.254/16"/>
    <property name="surefire.test.class.path" value="/Users/sibusiso87rn/IdeaProjects/automation-framework/services-framework/target/test-classes:/Users/sibusiso87rn/IdeaProjects/automation-framework/services-framework/target/classes:/Users/sibusiso87rn/IdeaProjects/automation-framework/core/target/automation-framework-1.0-SNAPSHOT.jar:/Users/sibusiso87rn/.m2/repository/org/testng/testng/6.9.9/testng-6.9.9.jar:/Users/sibusiso87rn/.m2/repository/junit/junit/4.10/junit-4.10.jar:/Users/sibusiso87rn/.m2/repository/com/beust/jcommander/1.48/jcommander-1.48.jar:/Users/sibusiso87rn/.m2/repository/org/apache/ant/ant/1.7.0/ant-1.7.0.jar:/Users/sibusiso87rn/.m2/repository/org/apache/ant/ant-launcher/1.7.0/ant-launcher-1.7.0.jar:/Users/sibusiso87rn/.m2/repository/org/yaml/snakeyaml/1.15/snakeyaml-1.15.jar:/Users/sibusiso87rn/.m2/repository/org/beanshell/bsh/2.0b4/bsh-2.0b4.jar:/Users/sibusiso87rn/.m2/repository/io/cucumber/cucumber-java/6.10.4/cucumber-java-6.10.4.jar:/Users/sibusiso87rn/.m2/repository/org/apiguardian/apiguardian-api/1.1.1/apiguardian-api-1.1.1.jar:/Users/sibusiso87rn/.m2/repository/io/cucumber/cucumber-core/6.10.4/cucumber-core-6.10.4.jar:/Users/sibusiso87rn/.m2/repository/io/cucumber/cucumber-gherkin/6.10.4/cucumber-gherkin-6.10.4.jar:/Users/sibusiso87rn/.m2/repository/io/cucumber/cucumber-gherkin-messages/6.10.4/cucumber-gherkin-messages-6.10.4.jar:/Users/sibusiso87rn/.m2/repository/io/cucumber/messages/15.0.0/messages-15.0.0.jar:/Users/sibusiso87rn/.m2/repository/io/cucumber/tag-expressions/3.0.1/tag-expressions-3.0.1.jar:/Users/sibusiso87rn/.m2/repository/io/cucumber/cucumber-expressions/10.3.0/cucumber-expressions-10.3.0.jar:/Users/sibusiso87rn/.m2/repository/io/cucumber/datatable/3.5.0/datatable-3.5.0.jar:/Users/sibusiso87rn/.m2/repository/io/cucumber/cucumber-plugin/6.10.4/cucumber-plugin-6.10.4.jar:/Users/sibusiso87rn/.m2/repository/io/cucumber/docstring/6.10.4/docstring-6.10.4.jar:/Users/sibusiso87rn/.m2/repository/io/cucumber/html-formatter/13.0.0/html-formatter-13.0.0.jar:/Users/sibusiso87rn/.m2/repository/io/cucumber/create-meta/4.0.0/create-meta-4.0.0.jar:/Users/sibusiso87rn/.m2/repository/io/cucumber/cucumber-testng/6.10.4/cucumber-testng-6.10.4.jar:/Users/sibusiso87rn/.m2/repository/io/rest-assured/rest-assured/3.3.0/rest-assured-3.3.0.jar:/Users/sibusiso87rn/.m2/repository/org/codehaus/groovy/groovy/2.4.15/groovy-2.4.15.jar:/Users/sibusiso87rn/.m2/repository/org/codehaus/groovy/groovy-xml/2.4.15/groovy-xml-2.4.15.jar:/Users/sibusiso87rn/.m2/repository/org/apache/httpcomponents/httpclient/4.5.3/httpclient-4.5.3.jar:/Users/sibusiso87rn/.m2/repository/org/apache/httpcomponents/httpcore/4.4.6/httpcore-4.4.6.jar:/Users/sibusiso87rn/.m2/repository/commons-logging/commons-logging/1.2/commons-logging-1.2.jar:/Users/sibusiso87rn/.m2/repository/commons-codec/commons-codec/1.9/commons-codec-1.9.jar:/Users/sibusiso87rn/.m2/repository/org/apache/httpcomponents/httpmime/4.5.3/httpmime-4.5.3.jar:/Users/sibusiso87rn/.m2/repository/org/hamcrest/hamcrest-core/1.3/hamcrest-core-1.3.jar:/Users/sibusiso87rn/.m2/repository/org/ccil/cowan/tagsoup/tagsoup/1.2.1/tagsoup-1.2.1.jar:/Users/sibusiso87rn/.m2/repository/io/rest-assured/json-path/3.3.0/json-path-3.3.0.jar:/Users/sibusiso87rn/.m2/repository/org/codehaus/groovy/groovy-json/2.4.15/groovy-json-2.4.15.jar:/Users/sibusiso87rn/.m2/repository/io/rest-assured/rest-assured-common/3.3.0/rest-assured-common-3.3.0.jar:/Users/sibusiso87rn/.m2/repository/io/rest-assured/xml-path/3.3.0/xml-path-3.3.0.jar:/Users/sibusiso87rn/.m2/repository/javax/xml/bind/jaxb-api/2.2.12/jaxb-api-2.2.12.jar:/Users/sibusiso87rn/.m2/repository/com/sun/xml/bind/jaxb-osgi/2.2.10/jaxb-osgi-2.2.10.jar:/Users/sibusiso87rn/.m2/repository/org/apache/sling/org.apache.sling.javax.activation/0.1.0/org.apache.sling.javax.activation-0.1.0.jar:/Users/sibusiso87rn/.m2/repository/javax/activation/activation/1.1.1/activation-1.1.1.jar:/Users/sibusiso87rn/.m2/repository/io/rest-assured/json-schema-validator/4.2.0/json-schema-validator-4.2.0.jar:/Users/sibusiso87rn/.m2/repository/com/github/java-json-tools/json-schema-validator/2.2.10/json-schema-validator-2.2.10.jar:/Users/sibusiso87rn/.m2/repository/com/github/java-json-tools/json-schema-core/1.2.10/json-schema-core-1.2.10.jar:/Users/sibusiso87rn/.m2/repository/com/github/java-json-tools/jackson-coreutils/1.9/jackson-coreutils-1.9.jar:/Users/sibusiso87rn/.m2/repository/com/github/fge/msg-simple/1.1/msg-simple-1.1.jar:/Users/sibusiso87rn/.m2/repository/com/github/fge/btf/1.2/btf-1.2.jar:/Users/sibusiso87rn/.m2/repository/com/github/fge/uri-template/0.9/uri-template-0.9.jar:/Users/sibusiso87rn/.m2/repository/org/mozilla/rhino/1.7.7.1/rhino-1.7.7.1.jar:/Users/sibusiso87rn/.m2/repository/javax/mail/mailapi/1.4.3/mailapi-1.4.3.jar:/Users/sibusiso87rn/.m2/repository/com/googlecode/libphonenumber/libphonenumber/8.0.0/libphonenumber-8.0.0.jar:/Users/sibusiso87rn/.m2/repository/com/google/code/findbugs/jsr305/3.0.1/jsr305-3.0.1.jar:/Users/sibusiso87rn/.m2/repository/net/sf/jopt-simple/jopt-simple/5.0.3/jopt-simple-5.0.3.jar:/Users/sibusiso87rn/.m2/repository/org/hamcrest/hamcrest/2.2/hamcrest-2.2.jar:/Users/sibusiso87rn/.m2/repository/org/hamcrest/hamcrest-library/2.2/hamcrest-library-2.2.jar:/Users/sibusiso87rn/.m2/repository/ch/qos/logback/logback-core/1.2.3/logback-core-1.2.3.jar:/Users/sibusiso87rn/.m2/repository/ch/qos/logback/logback-classic/1.2.3/logback-classic-1.2.3.jar:/Users/sibusiso87rn/.m2/repository/org/slf4j/slf4j-api/1.7.30/slf4j-api-1.7.30.jar:/Users/sibusiso87rn/.m2/repository/net/masterthought/cucumber-reporting/4.6.0/cucumber-reporting-4.6.0.jar:/Users/sibusiso87rn/.m2/repository/org/apache/velocity/velocity/1.7/velocity-1.7.jar:/Users/sibusiso87rn/.m2/repository/commons-collections/commons-collections/3.2.1/commons-collections-3.2.1.jar:/Users/sibusiso87rn/.m2/repository/commons-lang/commons-lang/2.4/commons-lang-2.4.jar:/Users/sibusiso87rn/.m2/repository/velocity-tools/velocity-tools/1.4/velocity-tools-1.4.jar:/Users/sibusiso87rn/.m2/repository/joda-time/joda-time/2.10.1/joda-time-2.10.1.jar:/Users/sibusiso87rn/.m2/repository/org/apache/commons/commons-lang3/3.8.1/commons-lang3-3.8.1.jar:/Users/sibusiso87rn/.m2/repository/commons-io/commons-io/2.6/commons-io-2.6.jar:/Users/sibusiso87rn/.m2/repository/org/codehaus/plexus/plexus-utils/3.1.1/plexus-utils-3.1.1.jar:/Users/sibusiso87rn/.m2/repository/org/jsoup/jsoup/1.11.3/jsoup-1.11.3.jar:/Users/sibusiso87rn/.m2/repository/com/googlecode/owasp-java-html-sanitizer/owasp-java-html-sanitizer/20190325.1/owasp-java-html-sanitizer-20190325.1.jar:/Users/sibusiso87rn/.m2/repository/com/google/guava/guava/27.1-jre/guava-27.1-jre.jar:/Users/sibusiso87rn/.m2/repository/com/google/guava/failureaccess/1.0.1/failureaccess-1.0.1.jar:/Users/sibusiso87rn/.m2/repository/com/google/guava/listenablefuture/9999.0-empty-to-avoid-conflict-with-guava/listenablefuture-9999.0-empty-to-avoid-conflict-with-guava.jar:/Users/sibusiso87rn/.m2/repository/org/checkerframework/checker-qual/2.5.2/checker-qual-2.5.2.jar:/Users/sibusiso87rn/.m2/repository/com/google/errorprone/error_prone_annotations/2.2.0/error_prone_annotations-2.2.0.jar:/Users/sibusiso87rn/.m2/repository/com/google/j2objc/j2objc-annotations/1.1/j2objc-annotations-1.1.jar:/Users/sibusiso87rn/.m2/repository/org/codehaus/mojo/animal-sniffer-annotations/1.17/animal-sniffer-annotations-1.17.jar:/Users/sibusiso87rn/.m2/repository/commons-configuration/commons-configuration/1.10/commons-configuration-1.10.jar:/Users/sibusiso87rn/.m2/repository/com/aventstack/extentreports-cucumber4-adapter/1.2.1/extentreports-cucumber4-adapter-1.2.1.jar:/Users/sibusiso87rn/.m2/repository/com/aventstack/extentreports/5.0.1/extentreports-5.0.1.jar:/Users/sibusiso87rn/.m2/repository/io/reactivex/rxjava3/rxjava/3.0.4/rxjava-3.0.4.jar:/Users/sibusiso87rn/.m2/repository/org/reactivestreams/reactive-streams/1.0.3/reactive-streams-1.0.3.jar:/Users/sibusiso87rn/.m2/repository/org/freemarker/freemarker/2.3.30/freemarker-2.3.30.jar:/Users/sibusiso87rn/.m2/repository/org/projectlombok/lombok/1.18.12/lombok-1.18.12.jar:/Users/sibusiso87rn/.m2/repository/com/google/code/gson/gson/2.8.6/gson-2.8.6.jar:/Users/sibusiso87rn/.m2/repository/com/aventstack/klov-reporter/5.0.1/klov-reporter-5.0.1.jar:/Users/sibusiso87rn/.m2/repository/org/mongodb/bson/3.3.0/bson-3.3.0.jar:/Users/sibusiso87rn/.m2/repository/org/mongodb/mongodb-driver/3.3.0/mongodb-driver-3.3.0.jar:/Users/sibusiso87rn/.m2/repository/org/mongodb/mongodb-driver-core/3.3.0/mongodb-driver-core-3.3.0.jar:/Users/sibusiso87rn/.m2/repository/com/fasterxml/jackson/dataformat/jackson-dataformat-yaml/2.3.0/jackson-dataformat-yaml-2.3.0.jar:/Users/sibusiso87rn/.m2/repository/com/fasterxml/jackson/core/jackson-core/2.3.0/jackson-core-2.3.0.jar:/Users/sibusiso87rn/.m2/repository/com/fasterxml/jackson/core/jackson-databind/2.2.3/jackson-databind-2.2.3.jar:/Users/sibusiso87rn/.m2/repository/com/fasterxml/jackson/core/jackson-annotations/2.2.3/jackson-annotations-2.2.3.jar:/Users/sibusiso87rn/.m2/repository/org/apache/velocity/velocity-engine-core/2.3/velocity-engine-core-2.3.jar:/Users/sibusiso87rn/.m2/repository/org/apache/velocity/tools/velocity-tools-generic/3.1/velocity-tools-generic-3.1.jar:/Users/sibusiso87rn/.m2/repository/commons-beanutils/commons-beanutils/1.9.4/commons-beanutils-1.9.4.jar:/Users/sibusiso87rn/.m2/repository/org/apache/commons/commons-digester3/3.2/commons-digester3-3.2.jar:/Users/sibusiso87rn/.m2/repository/com/github/cliftonlabs/json-simple/3.0.2/json-simple-3.0.2.jar:"/>
    <property name="sun.cpu.endian" value="little"/>
    <property name="user.home" value="/Users/sibusiso87rn"/>
    <property name="user.language" value="en"/>
    <property name="java.specification.vendor" value="Oracle Corporation"/>
    <property name="java.home" value="/Library/Java/JavaVirtualMachines/jdk1.8.0_191.jdk/Contents/Home/jre"/>
    <property name="basedir" value="/Users/sibusiso87rn/IdeaProjects/automation-framework/services-framework"/>
    <property name="file.separator" value="/"/>
    <property name="line.separator" value="&#10;"/>
    <property name="java.vm.specification.vendor" value="Oracle Corporation"/>
    <property name="java.specification.name" value="Java Platform API Specification"/>
    <property name="java.awt.graphicsenv" value="sun.awt.CGraphicsEnvironment"/>
    <property name="surefire.real.class.path" value="/Users/sibusiso87rn/IdeaProjects/automation-framework/services-framework/target/surefire/surefirebooter5582208877343810867.jar"/>
    <property name="sun.boot.class.path" value="/Library/Java/JavaVirtualMachines/jdk1.8.0_191.jdk/Contents/Home/jre/lib/resources.jar:/Library/Java/JavaVirtualMachines/jdk1.8.0_191.jdk/Contents/Home/jre/lib/rt.jar:/Library/Java/JavaVirtualMachines/jdk1.8.0_191.jdk/Contents/Home/jre/lib/sunrsasign.jar:/Library/Java/JavaVirtualMachines/jdk1.8.0_191.jdk/Contents/Home/jre/lib/jsse.jar:/Library/Java/JavaVirtualMachines/jdk1.8.0_191.jdk/Contents/Home/jre/lib/jce.jar:/Library/Java/JavaVirtualMachines/jdk1.8.0_191.jdk/Contents/Home/jre/lib/charsets.jar:/Library/Java/JavaVirtualMachines/jdk1.8.0_191.jdk/Contents/Home/jre/lib/jfr.jar:/Library/Java/JavaVirtualMachines/jdk1.8.0_191.jdk/Contents/Home/jre/classes"/>
    <property name="sun.management.compiler" value="HotSpot 64-Bit Tiered Compilers"/>
    <property name="ftp.nonProxyHosts" value="local|*.local|169.254/16|*.169.254/16"/>
    <property name="java.runtime.version" value="1.8.0_191-b12"/>
    <property name="user.name" value="sibusiso87rn"/>
    <property name="path.separator" value=":"/>
    <property name="os.version" value="10.16"/>
    <property name="java.endorsed.dirs" value="/Library/Java/JavaVirtualMachines/jdk1.8.0_191.jdk/Contents/Home/jre/lib/endorsed"/>
    <property name="java.runtime.name" value="Java(TM) SE Runtime Environment"/>
    <property name="file.encoding" value="US-ASCII"/>
    <property name="java.vm.name" value="Java HotSpot(TM) 64-Bit Server VM"/>
    <property name="localRepository" value="/Users/sibusiso87rn/.m2/repository"/>
    <property name="java.vendor.url.bug" value="http://bugreport.sun.com/bugreport/"/>
    <property name="java.io.tmpdir" value="/var/folders/s7/m38y8x7s0fdc22jtc097c_4h0000gn/T/"/>
    <property name="java.version" value="1.8.0_191"/>
    <property name="user.dir" value="/Users/sibusiso87rn/IdeaProjects/automation-framework/services-framework"/>
    <property name="os.arch" value="x86_64"/>
    <property name="java.vm.specification.name" value="Java Virtual Machine Specification"/>
    <property name="java.awt.printerjob" value="sun.lwawt.macosx.CPrinterJob"/>
    <property name="sun.os.patch.level" value="unknown"/>
    <property name="java.library.path" value="/Users/sibusiso87rn/Library/Java/Extensions:/Library/Java/Extensions:/Network/Library/Java/Extensions:/System/Library/Java/Extensions:/usr/lib/java:."/>
    <property name="java.vm.info" value="mixed mode"/>
    <property name="java.vendor" value="Oracle Corporation"/>
    <property name="java.vm.version" value="25.191-b12"/>
    <property name="java.ext.dirs" value="/Users/sibusiso87rn/Library/Java/Extensions:/Library/Java/JavaVirtualMachines/jdk1.8.0_191.jdk/Contents/Home/jre/lib/ext:/Library/Java/Extensions:/Network/Library/Java/Extensions:/System/Library/Java/Extensions:/usr/lib/java"/>
    <property name="sun.io.unicode.encoding" value="UnicodeBig"/>
    <property name="java.class.version" value="52.0"/>
    <property name="socksNonProxyHosts" value="local|*.local|169.254/16|*.169.254/16"/>
  </properties>
  <testcase name="scenario" classname="inspiredtesting.services.TestRunner" time="2.866">
    <failure message="expected [203] but found [500]" type="java.lang.AssertionError"><![CDATA[java.lang.AssertionError: expected [203] but found [500]
]]></failure>
    <system-out><![CDATA[
@Dev
Scenario: I post a new user to the typicode       &amp#27;[90m# src/test/resources/features/Users.feature:5&amp#27;[0m
16:10:33.569 [main] INFO inspiredtesting.services.Hooks - Running scenario  I post a new user to the typicode 
16:10:33.987 [main] DEBUG inspiredtesting.services.stepdefs.APIStepDefs - Using test data {
  id: 981,
  title: 'foo',
  body: 'bar',
  userId: 981
}
<html>
  <body>
SyntaxError: Unexpected token i in JSON at position 4
    at JSON.parse (    <anonymous>)
    at parse (/app/node_modules/body-parser/lib/types/json.js:89:19)
    at /app/node_modules/body-parser/lib/read.js:121:18
    at invokeCallback (/app/node_modules/body-parser/node_modules/raw-body/index.js:224:16)
    at done (/app/node_modules/body-parser/node_modules/raw-body/index.js:213:7)
    at IncomingMessage.onEnd (/app/node_modules/body-parser/node_modules/raw-body/index.js:273:7)
    at IncomingMessage.emit (events.js:387:35)
    at endReadableNT (internal/streams/readable.js:1317:12)
    at processTicksAndRejections (internal/process/task_queues.js:82:21)</anonymous>
  </body>
</html>
16:10:36.298 [main] DEBUG inspiredtesting.services.stepdefs.APIStepDefs - <html>
  <body>
SyntaxError: Unexpected token i in JSON at position 4
    at JSON.parse (    <anonymous>)
    at parse (/app/node_modules/body-parser/lib/types/json.js:89:19)
    at /app/node_modules/body-parser/lib/read.js:121:18
    at invokeCallback (/app/node_modules/body-parser/node_modules/raw-body/index.js:224:16)
    at done (/app/node_modules/body-parser/node_modules/raw-body/index.js:213:7)
    at IncomingMessage.onEnd (/app/node_modules/body-parser/node_modules/raw-body/index.js:273:7)
    at IncomingMessage.emit (events.js:387:35)
    at endReadableNT (internal/streams/readable.js:1317:12)
    at processTicksAndRejections (internal/process/task_queues.js:82:21)</anonymous>
  </body>
</html>
  &amp#27;[32mGiven &amp#27;[0m&amp#27;[32mI POST a new user&amp#27;[0m                         &amp#27;[90m# inspiredtesting.services.stepdefs.APIStepDefs.iPOSTANewUser()&amp#27;[0m
  &amp#27;[31mThen &amp#27;[0m&amp#27;[31mI receive a valid HTTP response code &amp#27;[0m&amp#27;[31m&amp#27;[1m"203"&amp#27;[0m &amp#27;[90m# inspiredtesting.services.stepdefs.APIStepDefs.iReceiveAValidHTTPResponseCode(java.lang.String)&amp#27;[0m
      &amp#27;[31mjava.lang.AssertionError: expected [203] but found [500]
	at org.testng.Assert.fail(Assert.java:94)
	at org.testng.Assert.failNotEquals(Assert.java:496)
	at org.testng.Assert.assertEquals(Assert.java:125)
	at org.testng.Assert.assertEquals(Assert.java:372)
	at org.testng.Assert.assertEquals(Assert.java:382)
	at inspiredtesting.services.stepdefs.APIStepDefs.iReceiveAValidHTTPResponseCode(APIStepDefs.java:39)
	at ���.I receive a valid HTTP response code "203"(file:///Users/sibusiso87rn/IdeaProjects/automation-framework/services-framework/src/test/resources/features/Users.feature:7)
&amp#27;[0m
]]></system-out>
  </testcase>
  <testcase name="scenario" classname="inspiredtesting.services.TestRunner" time="1.105"/>
  <testcase name="scenario" classname="inspiredtesting.services.TestRunner" time="0.813"/>
</testsuite>