<?xml version="1.0" encoding="UTF-8"?>
<!-- Generated by org.testng.reporters.JUnitReportReporter -->
<testsuite hostname="Sibusisos-MBP" name="inspiredtesting.services.tests.ServicesTestRunner" tests="3" failures="0" timestamp="22 Jul 2021 07:57:44 GMT" time="4.577" errors="0">
  <testcase name="scenario" time="1.274" classname="inspiredtesting.services.tests.ServicesTestRunner"/>
  <testcase name="scenario" time="0.937" classname="inspiredtesting.services.tests.ServicesTestRunner"/>
  <testcase name="scenario" time="2.366" classname="inspiredtesting.services.tests.ServicesTestRunner"/>
</testsuite> <!-- inspiredtesting.services.tests.ServicesTestRunner -->
