<?xml version="1.0" encoding="UTF-8"?>
<!-- Generated by org.testng.reporters.JUnitReportReporter -->
<testsuite hostname="Sibusisos-MBP" name="inspiredtesting.web.tests.WebTestRunner" tests="1" failures="0" timestamp="21 Jul 2021 19:24:33 GMT" time="0.818" errors="0">
  <testcase name="scenario" time="0.818" classname="inspiredtesting.web.tests.WebTestRunner"/>
</testsuite> <!-- inspiredtesting.web.tests.WebTestRunner -->
