<?xml version="1.0" encoding="UTF-8"?>
<!-- Generated by org.testng.reporters.JUnitReportReporter -->
<testsuite hostname="Sibusisos-MBP" name="inspiredtesting.web.tests.WebTestRunner" tests="5" failures="0" timestamp="22 Jul 2021 07:50:38 GMT" time="54.463" errors="0">
  <testcase name="scenario" time="10.071" classname="inspiredtesting.web.tests.WebTestRunner"/>
  <testcase name="scenario" time="10.723" classname="inspiredtesting.web.tests.WebTestRunner"/>
  <testcase name="scenario" time="11.501" classname="inspiredtesting.web.tests.WebTestRunner"/>
  <testcase name="scenario" time="10.240" classname="inspiredtesting.web.tests.WebTestRunner"/>
  <testcase name="scenario" time="11.928" classname="inspiredtesting.web.tests.WebTestRunner"/>
</testsuite> <!-- inspiredtesting.web.tests.WebTestRunner -->
